2022-04-25 11:55:49.815  INFO --- [restartedMain] c.e.s.Application                        : Starting Application on DESKTOP-MSDABFH with PID 2176 (C:\Users\DreamCastl\IdeaProjects\AppD\target\classes started by DreamCastl in C:\Users\DreamCastl\IdeaProjects\AppD)
2022-04-25 11:55:49.874  INFO --- [restartedMain] c.e.s.Application                        : The following profiles are active: development
2022-04-25 11:55:49.956  INFO --- [restartedMain] ConfigServletWebServerApplicationContext : Refreshing org.springframework.boot.web.servlet.context.AnnotationConfigServletWebServerApplicationContext@7fefc8a2: startup date [Mon Apr 25 11:55:49 MSK 2022]; root of context hierarchy
2022-04-25 11:55:52.598  INFO --- [restartedMain] trationDelegate$BeanPostProcessorChecker : Bean 'org.springframework.transaction.annotation.ProxyTransactionManagementConfiguration' of type [org.springframework.transaction.annotation.ProxyTransactionManagementConfiguration$$EnhancerBySpringCGLIB$$9f4589de] is not eligible for getting processed by all BeanPostProcessors (for example: not eligible for auto-proxying)
2022-04-25 11:55:53.186  INFO --- [restartedMain] o.s.b.w.e.t.TomcatWebServer              : Tomcat initialized with port(s): 8080 (http)
2022-04-25 11:55:53.203  INFO --- [restartedMain] o.a.c.h.Http11NioProtocol                : Initializing ProtocolHandler ["http-nio-8080"]
2022-04-25 11:55:53.216  INFO --- [restartedMain] o.a.c.c.StandardService                  : Starting service [Tomcat]
2022-04-25 11:55:53.217  INFO --- [restartedMain] o.a.c.c.StandardEngine                   : Starting Servlet Engine: Apache Tomcat/8.5.28
2022-04-25 11:55:53.228  INFO --- [ost-startStop-1] o.a.c.c.AprLifecycleListener             : The APR based Apache Tomcat Native library which allows optimal performance in production environments was not found on the java.library.path: [C:\Users\DreamCastl\.jdks\corretto-1.8.0_322\bin;C:\Windows\Sun\Java\bin;C:\Windows\system32;C:\Windows;C:\Windows\system32;C:\Windows;C:\Windows\System32\Wbem;C:\Windows\System32\WindowsPowerShell\v1.0\;C:\Windows\System32\OpenSSH\;C:\Program Files\Git\cmd;C:\Program Files (x86)\dotnet\;C:\Program Files\dotnet\;C:\Users\DreamCastl\AppData\Local\Microsoft\WindowsApps;;C:\Program Files\JetBrains\IntelliJ IDEA Community Edition 2021.3.2\bin;;.]
2022-04-25 11:55:53.343  INFO --- [ost-startStop-1] o.a.c.c.C.[.[.[/]                        : Initializing Spring embedded WebApplicationContext
2022-04-25 11:55:53.345  INFO --- [ost-startStop-1] o.s.w.c.ContextLoader                    : Root WebApplicationContext: initialization completed in 3388 ms
2022-04-25 11:55:53.650  INFO --- [ost-startStop-1] o.s.b.w.s.ServletRegistrationBean        : Servlet dispatcherServlet mapped to [/]
2022-04-25 11:55:53.655  INFO --- [ost-startStop-1] o.s.b.w.s.FilterRegistrationBean         : Mapping filter: 'characterEncodingFilter' to: [/*]
2022-04-25 11:55:53.656  INFO --- [ost-startStop-1] o.s.b.w.s.FilterRegistrationBean         : Mapping filter: 'hiddenHttpMethodFilter' to: [/*]
2022-04-25 11:55:53.656  INFO --- [ost-startStop-1] o.s.b.w.s.FilterRegistrationBean         : Mapping filter: 'httpPutFormContentFilter' to: [/*]
2022-04-25 11:55:53.656  INFO --- [ost-startStop-1] o.s.b.w.s.FilterRegistrationBean         : Mapping filter: 'requestContextFilter' to: [/*]
2022-04-25 11:55:53.838  INFO --- [restartedMain] c.z.h.HikariDataSource                   : HikariPool-1 - Starting...
2022-04-25 11:56:11.336 ERROR --- [restartedMain] c.z.h.p.HikariPool                       : HikariPool-1 - Exception during pool initialization.
com.mysql.jdbc.exceptions.jdbc4.MySQLNonTransientConnectionException: Could not create connection to database server. Attempted reconnect 3 times. Giving up.
	at sun.reflect.NativeConstructorAccessorImpl.newInstance0(Native Method)
	at sun.reflect.NativeConstructorAccessorImpl.newInstance(NativeConstructorAccessorImpl.java:62)
	at sun.reflect.DelegatingConstructorAccessorImpl.newInstance(DelegatingConstructorAccessorImpl.java:45)
	at java.lang.reflect.Constructor.newInstance(Constructor.java:423)
	at com.mysql.jdbc.Util.handleNewInstance(Util.java:425)
	at com.mysql.jdbc.Util.getInstance(Util.java:408)
	at com.mysql.jdbc.SQLError.createSQLException(SQLError.java:919)
	at com.mysql.jdbc.SQLError.createSQLException(SQLError.java:898)
	at com.mysql.jdbc.SQLError.createSQLException(SQLError.java:887)
	at com.mysql.jdbc.SQLError.createSQLException(SQLError.java:861)
	at com.mysql.jdbc.ConnectionImpl.connectWithRetries(ConnectionImpl.java:2094)
	at com.mysql.jdbc.ConnectionImpl.createNewIO(ConnectionImpl.java:2019)
	at com.mysql.jdbc.ConnectionImpl.<init>(ConnectionImpl.java:776)
	at com.mysql.jdbc.JDBC4Connection.<init>(JDBC4Connection.java:47)
	at sun.reflect.NativeConstructorAccessorImpl.newInstance0(Native Method)
	at sun.reflect.NativeConstructorAccessorImpl.newInstance(NativeConstructorAccessorImpl.java:62)
	at sun.reflect.DelegatingConstructorAccessorImpl.newInstance(DelegatingConstructorAccessorImpl.java:45)
	at java.lang.reflect.Constructor.newInstance(Constructor.java:423)
	at com.mysql.jdbc.Util.handleNewInstance(Util.java:425)
	at com.mysql.jdbc.ConnectionImpl.getInstance(ConnectionImpl.java:386)
	at com.mysql.jdbc.NonRegisteringDriver.connect(NonRegisteringDriver.java:330)
	at com.zaxxer.hikari.util.DriverDataSource.getConnection(DriverDataSource.java:117)
	at com.zaxxer.hikari.util.DriverDataSource.getConnection(DriverDataSource.java:123)
	at com.zaxxer.hikari.pool.PoolBase.newConnection(PoolBase.java:365)
	at com.zaxxer.hikari.pool.PoolBase.newPoolEntry(PoolBase.java:194)
	at com.zaxxer.hikari.pool.HikariPool.createPoolEntry(HikariPool.java:460)
	at com.zaxxer.hikari.pool.HikariPool.checkFailFast(HikariPool.java:534)
	at com.zaxxer.hikari.pool.HikariPool.<init>(HikariPool.java:115)
	at com.zaxxer.hikari.HikariDataSource.getConnection(HikariDataSource.java:112)
	at org.springframework.jdbc.datasource.DataSourceUtils.fetchConnection(DataSourceUtils.java:151)
	at org.springframework.jdbc.datasource.DataSourceUtils.doGetConnection(DataSourceUtils.java:115)
	at org.springframework.jdbc.datasource.DataSourceUtils.getConnection(DataSourceUtils.java:78)
	at org.springframework.jdbc.support.JdbcUtils.extractDatabaseMetaData(JdbcUtils.java:318)
	at org.springframework.jdbc.support.JdbcUtils.extractDatabaseMetaData(JdbcUtils.java:355)
	at org.springframework.boot.autoconfigure.orm.jpa.DatabaseLookup.getDatabase(DatabaseLookup.java:72)
	at org.springframework.boot.autoconfigure.orm.jpa.JpaProperties.determineDatabase(JpaProperties.java:168)
	at org.springframework.boot.autoconfigure.orm.jpa.JpaBaseConfiguration.jpaVendorAdapter(JpaBaseConfiguration.java:111)
	at org.springframework.boot.autoconfigure.orm.jpa.HibernateJpaConfiguration$$EnhancerBySpringCGLIB$$be1c4c4d.CGLIB$jpaVendorAdapter$4(<generated>)
	at org.springframework.boot.autoconfigure.orm.jpa.HibernateJpaConfiguration$$EnhancerBySpringCGLIB$$be1c4c4d$$FastClassBySpringCGLIB$$7a914ea3.invoke(<generated>)
	at org.springframework.cglib.proxy.MethodProxy.invokeSuper(MethodProxy.java:228)
	at org.springframework.context.annotation.ConfigurationClassEnhancer$BeanMethodInterceptor.intercept(ConfigurationClassEnhancer.java:361)
	at org.springframework.boot.autoconfigure.orm.jpa.HibernateJpaConfiguration$$EnhancerBySpringCGLIB$$be1c4c4d.jpaVendorAdapter(<generated>)
	at sun.reflect.NativeMethodAccessorImpl.invoke0(Native Method)
	at sun.reflect.NativeMethodAccessorImpl.invoke(NativeMethodAccessorImpl.java:62)
	at sun.reflect.DelegatingMethodAccessorImpl.invoke(DelegatingMethodAccessorImpl.java:43)
	at java.lang.reflect.Method.invoke(Method.java:498)
	at org.springframework.beans.factory.support.SimpleInstantiationStrategy.instantiate(SimpleInstantiationStrategy.java:154)
	at org.springframework.beans.factory.support.ConstructorResolver.instantiateUsingFactoryMethod(ConstructorResolver.java:579)
	at org.springframework.beans.factory.support.AbstractAutowireCapableBeanFactory.instantiateUsingFactoryMethod(AbstractAutowireCapableBeanFactory.java:1250)
	at org.springframework.beans.factory.support.AbstractAutowireCapableBeanFactory.createBeanInstance(AbstractAutowireCapableBeanFactory.java:1099)
	at org.springframework.beans.factory.support.AbstractAutowireCapableBeanFactory.doCreateBean(AbstractAutowireCapableBeanFactory.java:545)
	at org.springframework.beans.factory.support.AbstractAutowireCapableBeanFactory.createBean(AbstractAutowireCapableBeanFactory.java:502)
	at org.springframework.beans.factory.support.AbstractBeanFactory.lambda$doGetBean$0(AbstractBeanFactory.java:312)
	at org.springframework.beans.factory.support.DefaultSingletonBeanRegistry.getSingleton(DefaultSingletonBeanRegistry.java:228)
	at org.springframework.beans.factory.support.AbstractBeanFactory.doGetBean(AbstractBeanFactory.java:310)
	at org.springframework.beans.factory.support.AbstractBeanFactory.getBean(AbstractBeanFactory.java:200)
	at org.springframework.beans.factory.config.DependencyDescriptor.resolveCandidate(DependencyDescriptor.java:251)
	at org.springframework.beans.factory.support.DefaultListableBeanFactory.doResolveDependency(DefaultListableBeanFactory.java:1138)
	at org.springframework.beans.factory.support.DefaultListableBeanFactory.resolveDependency(DefaultListableBeanFactory.java:1065)
	at org.springframework.beans.factory.support.ConstructorResolver.resolveAutowiredArgument(ConstructorResolver.java:815)
	at org.springframework.beans.factory.support.ConstructorResolver.createArgumentArray(ConstructorResolver.java:721)
	at org.springframework.beans.factory.support.ConstructorResolver.instantiateUsingFactoryMethod(ConstructorResolver.java:470)
	at org.springframework.beans.factory.support.AbstractAutowireCapableBeanFactory.instantiateUsingFactoryMethod(AbstractAutowireCapableBeanFactory.java:1250)
	at org.springframework.beans.factory.support.AbstractAutowireCapableBeanFactory.createBeanInstance(AbstractAutowireCapableBeanFactory.java:1099)
	at org.springframework.beans.factory.support.AbstractAutowireCapableBeanFactory.doCreateBean(AbstractAutowireCapableBeanFactory.java:545)
	at org.springframework.beans.factory.support.AbstractAutowireCapableBeanFactory.createBean(AbstractAutowireCapableBeanFactory.java:502)
	at org.springframework.beans.factory.support.AbstractBeanFactory.lambda$doGetBean$0(AbstractBeanFactory.java:312)
	at org.springframework.beans.factory.support.DefaultSingletonBeanRegistry.getSingleton(DefaultSingletonBeanRegistry.java:228)
	at org.springframework.beans.factory.support.AbstractBeanFactory.doGetBean(AbstractBeanFactory.java:310)
	at org.springframework.beans.factory.support.AbstractBeanFactory.getBean(AbstractBeanFactory.java:200)
	at org.springframework.beans.factory.config.DependencyDescriptor.resolveCandidate(DependencyDescriptor.java:251)
	at org.springframework.beans.factory.support.DefaultListableBeanFactory.doResolveDependency(DefaultListableBeanFactory.java:1138)
	at org.springframework.beans.factory.support.DefaultListableBeanFactory.resolveDependency(DefaultListableBeanFactory.java:1065)
	at org.springframework.beans.factory.support.ConstructorResolver.resolveAutowiredArgument(ConstructorResolver.java:815)
	at org.springframework.beans.factory.support.ConstructorResolver.createArgumentArray(ConstructorResolver.java:721)
	at org.springframework.beans.factory.support.ConstructorResolver.instantiateUsingFactoryMethod(ConstructorResolver.java:470)
	at org.springframework.beans.factory.support.AbstractAutowireCapableBeanFactory.instantiateUsingFactoryMethod(AbstractAutowireCapableBeanFactory.java:1250)
	at org.springframework.beans.factory.support.AbstractAutowireCapableBeanFactory.createBeanInstance(AbstractAutowireCapableBeanFactory.java:1099)
	at org.springframework.beans.factory.support.AbstractAutowireCapableBeanFactory.doCreateBean(AbstractAutowireCapableBeanFactory.java:545)
	at org.springframework.beans.factory.support.AbstractAutowireCapableBeanFactory.createBean(AbstractAutowireCapableBeanFactory.java:502)
	at org.springframework.beans.factory.support.AbstractBeanFactory.lambda$doGetBean$0(AbstractBeanFactory.java:312)
	at org.springframework.beans.factory.support.DefaultSingletonBeanRegistry.getSingleton(DefaultSingletonBeanRegistry.java:228)
	at org.springframework.beans.factory.support.AbstractBeanFactory.doGetBean(AbstractBeanFactory.java:310)
	at org.springframework.beans.factory.support.AbstractBeanFactory.getBean(AbstractBeanFactory.java:200)
	at org.springframework.context.support.AbstractApplicationContext.getBean(AbstractApplicationContext.java:1085)
	at org.springframework.context.support.AbstractApplicationContext.finishBeanFactoryInitialization(AbstractApplicationContext.java:858)
	at org.springframework.context.support.AbstractApplicationContext.refresh(AbstractApplicationContext.java:549)
	at org.springframework.boot.web.servlet.context.ServletWebServerApplicationContext.refresh(ServletWebServerApplicationContext.java:140)
	at org.springframework.boot.SpringApplication.refresh(SpringApplication.java:752)
	at org.springframework.boot.SpringApplication.refreshContext(SpringApplication.java:388)
	at org.springframework.boot.SpringApplication.run(SpringApplication.java:327)
	at org.springframework.boot.SpringApplication.run(SpringApplication.java:1246)
	at org.springframework.boot.SpringApplication.run(SpringApplication.java:1234)
	at com.example.servingwebcontent.Application.main(Application.java:11)
	at sun.reflect.NativeMethodAccessorImpl.invoke0(Native Method)
	at sun.reflect.NativeMethodAccessorImpl.invoke(NativeMethodAccessorImpl.java:62)
	at sun.reflect.DelegatingMethodAccessorImpl.invoke(DelegatingMethodAccessorImpl.java:43)
	at java.lang.reflect.Method.invoke(Method.java:498)
	at org.springframework.boot.devtools.restart.RestartLauncher.run(RestartLauncher.java:49)
Caused by: com.mysql.jdbc.exceptions.jdbc4.CommunicationsException: Communications link failure

The last packet sent successfully to the server was 0 milliseconds ago. The driver has not received any packets from the server.
	at sun.reflect.NativeConstructorAccessorImpl.newInstance0(Native Method)
	at sun.reflect.NativeConstructorAccessorImpl.newInstance(NativeConstructorAccessorImpl.java:62)
	at sun.reflect.DelegatingConstructorAccessorImpl.newInstance(DelegatingConstructorAccessorImpl.java:45)
	at java.lang.reflect.Constructor.newInstance(Constructor.java:423)
	at com.mysql.jdbc.Util.handleNewInstance(Util.java:425)
	at com.mysql.jdbc.SQLError.createCommunicationsException(SQLError.java:990)
	at com.mysql.jdbc.MysqlIO.<init>(MysqlIO.java:341)
	at com.mysql.jdbc.ConnectionImpl.coreConnect(ConnectionImpl.java:2186)
	at com.mysql.jdbc.ConnectionImpl.connectWithRetries(ConnectionImpl.java:2035)
	... 88 more
Caused by: java.net.ConnectException: Connection refused: connect
	at java.net.DualStackPlainSocketImpl.waitForConnect(Native Method)
	at java.net.DualStackPlainSocketImpl.socketConnect(DualStackPlainSocketImpl.java:85)
	at java.net.AbstractPlainSocketImpl.doConnect(AbstractPlainSocketImpl.java:350)
	at java.net.AbstractPlainSocketImpl.connectToAddress(AbstractPlainSocketImpl.java:206)
	at java.net.AbstractPlainSocketImpl.connect(AbstractPlainSocketImpl.java:188)
	at java.net.PlainSocketImpl.connect(PlainSocketImpl.java:172)
	at java.net.SocksSocketImpl.connect(SocksSocketImpl.java:392)
	at java.net.Socket.connect(Socket.java:607)
	at com.mysql.jdbc.StandardSocketFactory.connect(StandardSocketFactory.java:211)
	at com.mysql.jdbc.MysqlIO.<init>(MysqlIO.java:300)
	... 90 more
2022-04-25 11:56:11.342  WARN --- [restartedMain] o.s.b.a.o.j.DatabaseLookup               : Unable to determine jdbc url from datasource
org.springframework.jdbc.support.MetaDataAccessException: Could not get Connection for extracting meta data; nested exception is org.springframework.jdbc.CannotGetJdbcConnectionException: Failed to obtain JDBC Connection; nested exception is com.mysql.jdbc.exceptions.jdbc4.MySQLNonTransientConnectionException: Could not create connection to database server. Attempted reconnect 3 times. Giving up.
	at org.springframework.jdbc.support.JdbcUtils.extractDatabaseMetaData(JdbcUtils.java:327)
	at org.springframework.jdbc.support.JdbcUtils.extractDatabaseMetaData(JdbcUtils.java:355)
	at org.springframework.boot.autoconfigure.orm.jpa.DatabaseLookup.getDatabase(DatabaseLookup.java:72)
	at org.springframework.boot.autoconfigure.orm.jpa.JpaProperties.determineDatabase(JpaProperties.java:168)
	at org.springframework.boot.autoconfigure.orm.jpa.JpaBaseConfiguration.jpaVendorAdapter(JpaBaseConfiguration.java:111)
	at org.springframework.boot.autoconfigure.orm.jpa.HibernateJpaConfiguration$$EnhancerBySpringCGLIB$$be1c4c4d.CGLIB$jpaVendorAdapter$4(<generated>)
	at org.springframework.boot.autoconfigure.orm.jpa.HibernateJpaConfiguration$$EnhancerBySpringCGLIB$$be1c4c4d$$FastClassBySpringCGLIB$$7a914ea3.invoke(<generated>)
	at org.springframework.cglib.proxy.MethodProxy.invokeSuper(MethodProxy.java:228)
	at org.springframework.context.annotation.ConfigurationClassEnhancer$BeanMethodInterceptor.intercept(ConfigurationClassEnhancer.java:361)
	at org.springframework.boot.autoconfigure.orm.jpa.HibernateJpaConfiguration$$EnhancerBySpringCGLIB$$be1c4c4d.jpaVendorAdapter(<generated>)
	at sun.reflect.NativeMethodAccessorImpl.invoke0(Native Method)
	at sun.reflect.NativeMethodAccessorImpl.invoke(NativeMethodAccessorImpl.java:62)
	at sun.reflect.DelegatingMethodAccessorImpl.invoke(DelegatingMethodAccessorImpl.java:43)
	at java.lang.reflect.Method.invoke(Method.java:498)
	at org.springframework.beans.factory.support.SimpleInstantiationStrategy.instantiate(SimpleInstantiationStrategy.java:154)
	at org.springframework.beans.factory.support.ConstructorResolver.instantiateUsingFactoryMethod(ConstructorResolver.java:579)
	at org.springframework.beans.factory.support.AbstractAutowireCapableBeanFactory.instantiateUsingFactoryMethod(AbstractAutowireCapableBeanFactory.java:1250)
	at org.springframework.beans.factory.support.AbstractAutowireCapableBeanFactory.createBeanInstance(AbstractAutowireCapableBeanFactory.java:1099)
	at org.springframework.beans.factory.support.AbstractAutowireCapableBeanFactory.doCreateBean(AbstractAutowireCapableBeanFactory.java:545)
	at org.springframework.beans.factory.support.AbstractAutowireCapableBeanFactory.createBean(AbstractAutowireCapableBeanFactory.java:502)
	at org.springframework.beans.factory.support.AbstractBeanFactory.lambda$doGetBean$0(AbstractBeanFactory.java:312)
	at org.springframework.beans.factory.support.DefaultSingletonBeanRegistry.getSingleton(DefaultSingletonBeanRegistry.java:228)
	at org.springframework.beans.factory.support.AbstractBeanFactory.doGetBean(AbstractBeanFactory.java:310)
	at org.springframework.beans.factory.support.AbstractBeanFactory.getBean(AbstractBeanFactory.java:200)
	at org.springframework.beans.factory.config.DependencyDescriptor.resolveCandidate(DependencyDescriptor.java:251)
	at org.springframework.beans.factory.support.DefaultListableBeanFactory.doResolveDependency(DefaultListableBeanFactory.java:1138)
	at org.springframework.beans.factory.support.DefaultListableBeanFactory.resolveDependency(DefaultListableBeanFactory.java:1065)
	at org.springframework.beans.factory.support.ConstructorResolver.resolveAutowiredArgument(ConstructorResolver.java:815)
	at org.springframework.beans.factory.support.ConstructorResolver.createArgumentArray(ConstructorResolver.java:721)
	at org.springframework.beans.factory.support.ConstructorResolver.instantiateUsingFactoryMethod(ConstructorResolver.java:470)
	at org.springframework.beans.factory.support.AbstractAutowireCapableBeanFactory.instantiateUsingFactoryMethod(AbstractAutowireCapableBeanFactory.java:1250)
	at org.springframework.beans.factory.support.AbstractAutowireCapableBeanFactory.createBeanInstance(AbstractAutowireCapableBeanFactory.java:1099)
	at org.springframework.beans.factory.support.AbstractAutowireCapableBeanFactory.doCreateBean(AbstractAutowireCapableBeanFactory.java:545)
	at org.springframework.beans.factory.support.AbstractAutowireCapableBeanFactory.createBean(AbstractAutowireCapableBeanFactory.java:502)
	at org.springframework.beans.factory.support.AbstractBeanFactory.lambda$doGetBean$0(AbstractBeanFactory.java:312)
	at org.springframework.beans.factory.support.DefaultSingletonBeanRegistry.getSingleton(DefaultSingletonBeanRegistry.java:228)
	at org.springframework.beans.factory.support.AbstractBeanFactory.doGetBean(AbstractBeanFactory.java:310)
	at org.springframework.beans.factory.support.AbstractBeanFactory.getBean(AbstractBeanFactory.java:200)
	at org.springframework.beans.factory.config.DependencyDescriptor.resolveCandidate(DependencyDescriptor.java:251)
	at org.springframework.beans.factory.support.DefaultListableBeanFactory.doResolveDependency(DefaultListableBeanFactory.java:1138)
	at org.springframework.beans.factory.support.DefaultListableBeanFactory.resolveDependency(DefaultListableBeanFactory.java:1065)
	at org.springframework.beans.factory.support.ConstructorResolver.resolveAutowiredArgument(ConstructorResolver.java:815)
	at org.springframework.beans.factory.support.ConstructorResolver.createArgumentArray(ConstructorResolver.java:721)
	at org.springframework.beans.factory.support.ConstructorResolver.instantiateUsingFactoryMethod(ConstructorResolver.java:470)
	at org.springframework.beans.factory.support.AbstractAutowireCapableBeanFactory.instantiateUsingFactoryMethod(AbstractAutowireCapableBeanFactory.java:1250)
	at org.springframework.beans.factory.support.AbstractAutowireCapableBeanFactory.createBeanInstance(AbstractAutowireCapableBeanFactory.java:1099)
	at org.springframework.beans.factory.support.AbstractAutowireCapableBeanFactory.doCreateBean(AbstractAutowireCapableBeanFactory.java:545)
	at org.springframework.beans.factory.support.AbstractAutowireCapableBeanFactory.createBean(AbstractAutowireCapableBeanFactory.java:502)
	at org.springframework.beans.factory.support.AbstractBeanFactory.lambda$doGetBean$0(AbstractBeanFactory.java:312)
	at org.springframework.beans.factory.support.DefaultSingletonBeanRegistry.getSingleton(DefaultSingletonBeanRegistry.java:228)
	at org.springframework.beans.factory.support.AbstractBeanFactory.doGetBean(AbstractBeanFactory.java:310)
	at org.springframework.beans.factory.support.AbstractBeanFactory.getBean(AbstractBeanFactory.java:200)
	at org.springframework.context.support.AbstractApplicationContext.getBean(AbstractApplicationContext.java:1085)
	at org.springframework.context.support.AbstractApplicationContext.finishBeanFactoryInitialization(AbstractApplicationContext.java:858)
	at org.springframework.context.support.AbstractApplicationContext.refresh(AbstractApplicationContext.java:549)
	at org.springframework.boot.web.servlet.context.ServletWebServerApplicationContext.refresh(ServletWebServerApplicationContext.java:140)
	at org.springframework.boot.SpringApplication.refresh(SpringApplication.java:752)
	at org.springframework.boot.SpringApplication.refreshContext(SpringApplication.java:388)
	at org.springframework.boot.SpringApplication.run(SpringApplication.java:327)
	at org.springframework.boot.SpringApplication.run(SpringApplication.java:1246)
	at org.springframework.boot.SpringApplication.run(SpringApplication.java:1234)
	at com.example.servingwebcontent.Application.main(Application.java:11)
	at sun.reflect.NativeMethodAccessorImpl.invoke0(Native Method)
	at sun.reflect.NativeMethodAccessorImpl.invoke(NativeMethodAccessorImpl.java:62)
	at sun.reflect.DelegatingMethodAccessorImpl.invoke(DelegatingMethodAccessorImpl.java:43)
	at java.lang.reflect.Method.invoke(Method.java:498)
	at org.springframework.boot.devtools.restart.RestartLauncher.run(RestartLauncher.java:49)
Caused by: org.springframework.jdbc.CannotGetJdbcConnectionException: Failed to obtain JDBC Connection; nested exception is com.mysql.jdbc.exceptions.jdbc4.MySQLNonTransientConnectionException: Could not create connection to database server. Attempted reconnect 3 times. Giving up.
	at org.springframework.jdbc.datasource.DataSourceUtils.getConnection(DataSourceUtils.java:81)
	at org.springframework.jdbc.support.JdbcUtils.extractDatabaseMetaData(JdbcUtils.java:318)
	... 66 more
Caused by: com.mysql.jdbc.exceptions.jdbc4.MySQLNonTransientConnectionException: Could not create connection to database server. Attempted reconnect 3 times. Giving up.
	at sun.reflect.NativeConstructorAccessorImpl.newInstance0(Native Method)
	at sun.reflect.NativeConstructorAccessorImpl.newInstance(NativeConstructorAccessorImpl.java:62)
	at sun.reflect.DelegatingConstructorAccessorImpl.newInstance(DelegatingConstructorAccessorImpl.java:45)
	at java.lang.reflect.Constructor.newInstance(Constructor.java:423)
	at com.mysql.jdbc.Util.handleNewInstance(Util.java:425)
	at com.mysql.jdbc.Util.getInstance(Util.java:408)
	at com.mysql.jdbc.SQLError.createSQLException(SQLError.java:919)
	at com.mysql.jdbc.SQLError.createSQLException(SQLError.java:898)
	at com.mysql.jdbc.SQLError.createSQLException(SQLError.java:887)
	at com.mysql.jdbc.SQLError.createSQLException(SQLError.java:861)
	at com.mysql.jdbc.ConnectionImpl.connectWithRetries(ConnectionImpl.java:2094)
	at com.mysql.jdbc.ConnectionImpl.createNewIO(ConnectionImpl.java:2019)
	at com.mysql.jdbc.ConnectionImpl.<init>(ConnectionImpl.java:776)
	at com.mysql.jdbc.JDBC4Connection.<init>(JDBC4Connection.java:47)
	at sun.reflect.NativeConstructorAccessorImpl.newInstance0(Native Method)
	at sun.reflect.NativeConstructorAccessorImpl.newInstance(NativeConstructorAccessorImpl.java:62)
	at sun.reflect.DelegatingConstructorAccessorImpl.newInstance(DelegatingConstructorAccessorImpl.java:45)
	at java.lang.reflect.Constructor.newInstance(Constructor.java:423)
	at com.mysql.jdbc.Util.handleNewInstance(Util.java:425)
	at com.mysql.jdbc.ConnectionImpl.getInstance(ConnectionImpl.java:386)
	at com.mysql.jdbc.NonRegisteringDriver.connect(NonRegisteringDriver.java:330)
	at com.zaxxer.hikari.util.DriverDataSource.getConnection(DriverDataSource.java:117)
	at com.zaxxer.hikari.util.DriverDataSource.getConnection(DriverDataSource.java:123)
	at com.zaxxer.hikari.pool.PoolBase.newConnection(PoolBase.java:365)
	at com.zaxxer.hikari.pool.PoolBase.newPoolEntry(PoolBase.java:194)
	at com.zaxxer.hikari.pool.HikariPool.createPoolEntry(HikariPool.java:460)
	at com.zaxxer.hikari.pool.HikariPool.checkFailFast(HikariPool.java:534)
	at com.zaxxer.hikari.pool.HikariPool.<init>(HikariPool.java:115)
	at com.zaxxer.hikari.HikariDataSource.getConnection(HikariDataSource.java:112)
	at org.springframework.jdbc.datasource.DataSourceUtils.fetchConnection(DataSourceUtils.java:151)
	at org.springframework.jdbc.datasource.DataSourceUtils.doGetConnection(DataSourceUtils.java:115)
	at org.springframework.jdbc.datasource.DataSourceUtils.getConnection(DataSourceUtils.java:78)
	... 67 more
Caused by: com.mysql.jdbc.exceptions.jdbc4.CommunicationsException: Communications link failure

The last packet sent successfully to the server was 0 milliseconds ago. The driver has not received any packets from the server.
	at sun.reflect.NativeConstructorAccessorImpl.newInstance0(Native Method)
	at sun.reflect.NativeConstructorAccessorImpl.newInstance(NativeConstructorAccessorImpl.java:62)
	at sun.reflect.DelegatingConstructorAccessorImpl.newInstance(DelegatingConstructorAccessorImpl.java:45)
	at java.lang.reflect.Constructor.newInstance(Constructor.java:423)
	at com.mysql.jdbc.Util.handleNewInstance(Util.java:425)
	at com.mysql.jdbc.SQLError.createCommunicationsException(SQLError.java:990)
	at com.mysql.jdbc.MysqlIO.<init>(MysqlIO.java:341)
	at com.mysql.jdbc.ConnectionImpl.coreConnect(ConnectionImpl.java:2186)
	at com.mysql.jdbc.ConnectionImpl.connectWithRetries(ConnectionImpl.java:2035)
	... 88 more
Caused by: java.net.ConnectException: Connection refused: connect
	at java.net.DualStackPlainSocketImpl.waitForConnect(Native Method)
	at java.net.DualStackPlainSocketImpl.socketConnect(DualStackPlainSocketImpl.java:85)
	at java.net.AbstractPlainSocketImpl.doConnect(AbstractPlainSocketImpl.java:350)
	at java.net.AbstractPlainSocketImpl.connectToAddress(AbstractPlainSocketImpl.java:206)
	at java.net.AbstractPlainSocketImpl.connect(AbstractPlainSocketImpl.java:188)
	at java.net.PlainSocketImpl.connect(PlainSocketImpl.java:172)
	at java.net.SocksSocketImpl.connect(SocksSocketImpl.java:392)
	at java.net.Socket.connect(Socket.java:607)
	at com.mysql.jdbc.StandardSocketFactory.connect(StandardSocketFactory.java:211)
	at com.mysql.jdbc.MysqlIO.<init>(MysqlIO.java:300)
	... 90 more
2022-04-25 11:56:11.368  INFO --- [restartedMain] c.z.h.HikariDataSource                   : HikariPool-1 - Starting...
2022-04-25 11:56:28.599 ERROR --- [restartedMain] c.z.h.p.HikariPool                       : HikariPool-1 - Exception during pool initialization.
com.mysql.jdbc.exceptions.jdbc4.MySQLNonTransientConnectionException: Could not create connection to database server. Attempted reconnect 3 times. Giving up.
	at sun.reflect.NativeConstructorAccessorImpl.newInstance0(Native Method)
	at sun.reflect.NativeConstructorAccessorImpl.newInstance(NativeConstructorAccessorImpl.java:62)
	at sun.reflect.DelegatingConstructorAccessorImpl.newInstance(DelegatingConstructorAccessorImpl.java:45)
	at java.lang.reflect.Constructor.newInstance(Constructor.java:423)
	at com.mysql.jdbc.Util.handleNewInstance(Util.java:425)
	at com.mysql.jdbc.Util.getInstance(Util.java:408)
	at com.mysql.jdbc.SQLError.createSQLException(SQLError.java:919)
	at com.mysql.jdbc.SQLError.createSQLException(SQLError.java:898)
	at com.mysql.jdbc.SQLError.createSQLException(SQLError.java:887)
	at com.mysql.jdbc.SQLError.createSQLException(SQLError.java:861)
	at com.mysql.jdbc.ConnectionImpl.connectWithRetries(ConnectionImpl.java:2094)
	at com.mysql.jdbc.ConnectionImpl.createNewIO(ConnectionImpl.java:2019)
	at com.mysql.jdbc.ConnectionImpl.<init>(ConnectionImpl.java:776)
	at com.mysql.jdbc.JDBC4Connection.<init>(JDBC4Connection.java:47)
	at sun.reflect.NativeConstructorAccessorImpl.newInstance0(Native Method)
	at sun.reflect.NativeConstructorAccessorImpl.newInstance(NativeConstructorAccessorImpl.java:62)
	at sun.reflect.DelegatingConstructorAccessorImpl.newInstance(DelegatingConstructorAccessorImpl.java:45)
	at java.lang.reflect.Constructor.newInstance(Constructor.java:423)
	at com.mysql.jdbc.Util.handleNewInstance(Util.java:425)
	at com.mysql.jdbc.ConnectionImpl.getInstance(ConnectionImpl.java:386)
	at com.mysql.jdbc.NonRegisteringDriver.connect(NonRegisteringDriver.java:330)
	at com.zaxxer.hikari.util.DriverDataSource.getConnection(DriverDataSource.java:117)
	at com.zaxxer.hikari.util.DriverDataSource.getConnection(DriverDataSource.java:123)
	at com.zaxxer.hikari.pool.PoolBase.newConnection(PoolBase.java:365)
	at com.zaxxer.hikari.pool.PoolBase.newPoolEntry(PoolBase.java:194)
	at com.zaxxer.hikari.pool.HikariPool.createPoolEntry(HikariPool.java:460)
	at com.zaxxer.hikari.pool.HikariPool.checkFailFast(HikariPool.java:534)
	at com.zaxxer.hikari.pool.HikariPool.<init>(HikariPool.java:115)
	at com.zaxxer.hikari.HikariDataSource.getConnection(HikariDataSource.java:112)
	at org.springframework.jdbc.datasource.DataSourceUtils.fetchConnection(DataSourceUtils.java:151)
	at org.springframework.jdbc.datasource.DataSourceUtils.doGetConnection(DataSourceUtils.java:115)
	at org.springframework.jdbc.datasource.DataSourceUtils.getConnection(DataSourceUtils.java:78)
	at org.springframework.jdbc.core.JdbcTemplate.execute(JdbcTemplate.java:324)
	at org.springframework.boot.jdbc.EmbeddedDatabaseConnection.isEmbedded(EmbeddedDatabaseConnection.java:123)
	at org.springframework.boot.autoconfigure.orm.jpa.HibernateDefaultDdlAutoProvider.getDefaultDdlAuto(HibernateDefaultDdlAutoProvider.java:42)
	at org.springframework.boot.autoconfigure.orm.jpa.HibernateJpaConfiguration.getVendorProperties(HibernateJpaConfiguration.java:120)
	at org.springframework.boot.autoconfigure.orm.jpa.JpaBaseConfiguration.entityManagerFactory(JpaBaseConfiguration.java:135)
	at org.springframework.boot.autoconfigure.orm.jpa.HibernateJpaConfiguration$$EnhancerBySpringCGLIB$$be1c4c4d.CGLIB$entityManagerFactory$5(<generated>)
	at org.springframework.boot.autoconfigure.orm.jpa.HibernateJpaConfiguration$$EnhancerBySpringCGLIB$$be1c4c4d$$FastClassBySpringCGLIB$$7a914ea3.invoke(<generated>)
	at org.springframework.cglib.proxy.MethodProxy.invokeSuper(MethodProxy.java:228)
	at org.springframework.context.annotation.ConfigurationClassEnhancer$BeanMethodInterceptor.intercept(ConfigurationClassEnhancer.java:361)
	at org.springframework.boot.autoconfigure.orm.jpa.HibernateJpaConfiguration$$EnhancerBySpringCGLIB$$be1c4c4d.entityManagerFactory(<generated>)
	at sun.reflect.NativeMethodAccessorImpl.invoke0(Native Method)
	at sun.reflect.NativeMethodAccessorImpl.invoke(NativeMethodAccessorImpl.java:62)
	at sun.reflect.DelegatingMethodAccessorImpl.invoke(DelegatingMethodAccessorImpl.java:43)
	at java.lang.reflect.Method.invoke(Method.java:498)
	at org.springframework.beans.factory.support.SimpleInstantiationStrategy.instantiate(SimpleInstantiationStrategy.java:154)
	at org.springframework.beans.factory.support.ConstructorResolver.instantiateUsingFactoryMethod(ConstructorResolver.java:579)
	at org.springframework.beans.factory.support.AbstractAutowireCapableBeanFactory.instantiateUsingFactoryMethod(AbstractAutowireCapableBeanFactory.java:1250)
	at org.springframework.beans.factory.support.AbstractAutowireCapableBeanFactory.createBeanInstance(AbstractAutowireCapableBeanFactory.java:1099)
	at org.springframework.beans.factory.support.AbstractAutowireCapableBeanFactory.doCreateBean(AbstractAutowireCapableBeanFactory.java:545)
	at org.springframework.beans.factory.support.AbstractAutowireCapableBeanFactory.createBean(AbstractAutowireCapableBeanFactory.java:502)
	at org.springframework.beans.factory.support.AbstractBeanFactory.lambda$doGetBean$0(AbstractBeanFactory.java:312)
	at org.springframework.beans.factory.support.DefaultSingletonBeanRegistry.getSingleton(DefaultSingletonBeanRegistry.java:228)
	at org.springframework.beans.factory.support.AbstractBeanFactory.doGetBean(AbstractBeanFactory.java:310)
	at org.springframework.beans.factory.support.AbstractBeanFactory.getBean(AbstractBeanFactory.java:200)
	at org.springframework.context.support.AbstractApplicationContext.getBean(AbstractApplicationContext.java:1085)
	at org.springframework.context.support.AbstractApplicationContext.finishBeanFactoryInitialization(AbstractApplicationContext.java:858)
	at org.springframework.context.support.AbstractApplicationContext.refresh(AbstractApplicationContext.java:549)
	at org.springframework.boot.web.servlet.context.ServletWebServerApplicationContext.refresh(ServletWebServerApplicationContext.java:140)
	at org.springframework.boot.SpringApplication.refresh(SpringApplication.java:752)
	at org.springframework.boot.SpringApplication.refreshContext(SpringApplication.java:388)
	at org.springframework.boot.SpringApplication.run(SpringApplication.java:327)
	at org.springframework.boot.SpringApplication.run(SpringApplication.java:1246)
	at org.springframework.boot.SpringApplication.run(SpringApplication.java:1234)
	at com.example.servingwebcontent.Application.main(Application.java:11)
	at sun.reflect.NativeMethodAccessorImpl.invoke0(Native Method)
	at sun.reflect.NativeMethodAccessorImpl.invoke(NativeMethodAccessorImpl.java:62)
	at sun.reflect.DelegatingMethodAccessorImpl.invoke(DelegatingMethodAccessorImpl.java:43)
	at java.lang.reflect.Method.invoke(Method.java:498)
	at org.springframework.boot.devtools.restart.RestartLauncher.run(RestartLauncher.java:49)
Caused by: com.mysql.jdbc.exceptions.jdbc4.CommunicationsException: Communications link failure

The last packet sent successfully to the server was 0 milliseconds ago. The driver has not received any packets from the server.
	at sun.reflect.NativeConstructorAccessorImpl.newInstance0(Native Method)
	at sun.reflect.NativeConstructorAccessorImpl.newInstance(NativeConstructorAccessorImpl.java:62)
	at sun.reflect.DelegatingConstructorAccessorImpl.newInstance(DelegatingConstructorAccessorImpl.java:45)
	at java.lang.reflect.Constructor.newInstance(Constructor.java:423)
	at com.mysql.jdbc.Util.handleNewInstance(Util.java:425)
	at com.mysql.jdbc.SQLError.createCommunicationsException(SQLError.java:990)
	at com.mysql.jdbc.MysqlIO.<init>(MysqlIO.java:341)
	at com.mysql.jdbc.ConnectionImpl.coreConnect(ConnectionImpl.java:2186)
	at com.mysql.jdbc.ConnectionImpl.connectWithRetries(ConnectionImpl.java:2035)
	... 60 more
Caused by: java.net.ConnectException: Connection refused: connect
	at java.net.DualStackPlainSocketImpl.waitForConnect(Native Method)
	at java.net.DualStackPlainSocketImpl.socketConnect(DualStackPlainSocketImpl.java:85)
	at java.net.AbstractPlainSocketImpl.doConnect(AbstractPlainSocketImpl.java:350)
	at java.net.AbstractPlainSocketImpl.connectToAddress(AbstractPlainSocketImpl.java:206)
	at java.net.AbstractPlainSocketImpl.connect(AbstractPlainSocketImpl.java:188)
	at java.net.PlainSocketImpl.connect(PlainSocketImpl.java:172)
	at java.net.SocksSocketImpl.connect(SocksSocketImpl.java:392)
	at java.net.Socket.connect(Socket.java:607)
	at com.mysql.jdbc.StandardSocketFactory.connect(StandardSocketFactory.java:211)
	at com.mysql.jdbc.MysqlIO.<init>(MysqlIO.java:300)
	... 62 more
2022-04-25 11:56:28.670  INFO --- [restartedMain] j.LocalContainerEntityManagerFactoryBean : Building JPA container EntityManagerFactory for persistence unit 'default'
2022-04-25 11:56:28.694  INFO --- [restartedMain] o.h.j.i.u.LogHelper                      : HHH000204: Processing PersistenceUnitInfo [
	name: default
	...]
2022-04-25 11:56:28.806  INFO --- [restartedMain] o.h.Version                              : HHH000412: Hibernate Core {5.2.14.Final}
2022-04-25 11:56:28.808  INFO --- [restartedMain] o.h.c.Environment                        : HHH000206: hibernate.properties not found
2022-04-25 11:56:28.936  INFO --- [restartedMain] o.h.a.c.Version                          : HCANN000001: Hibernate Commons Annotations {5.0.1.Final}
2022-04-25 11:56:29.142  INFO --- [restartedMain] c.z.h.HikariDataSource                   : HikariPool-1 - Starting...
2022-04-25 11:56:29.259  INFO --- [restartedMain] c.z.h.HikariDataSource                   : HikariPool-1 - Start completed.
2022-04-25 11:56:29.295  INFO --- [restartedMain] o.h.d.Dialect                            : HHH000400: Using dialect: org.hibernate.dialect.MySQL57Dialect
2022-04-25 11:56:30.083  INFO --- [restartedMain] j.LocalContainerEntityManagerFactoryBean : Initialized JPA EntityManagerFactory for persistence unit 'default'
2022-04-25 11:56:30.685  INFO --- [restartedMain] c.e.s.s.W.SheetsAndJava                  : Подключение к Google Sheets.
2022-04-25 11:56:31.817  INFO --- [restartedMain] s.w.s.m.m.a.RequestMappingHandlerAdapter : Looking for @ControllerAdvice: org.springframework.boot.web.servlet.context.AnnotationConfigServletWebServerApplicationContext@7fefc8a2: startup date [Mon Apr 25 11:55:49 MSK 2022]; root of context hierarchy
2022-04-25 11:56:32.001  WARN --- [restartedMain] aWebConfiguration$JpaWebMvcConfiguration : spring.jpa.open-in-view is enabled by default. Therefore, database queries may be performed during view rendering. Explicitly configure spring.jpa.open-in-view to disable this warning
2022-04-25 11:56:32.064  INFO --- [restartedMain] s.w.s.m.m.a.RequestMappingHandlerMapping : Mapped "{[/Home],methods=[GET]}" onto public java.lang.String com.example.servingwebcontent.controllers.HomeController.HomePage(org.springframework.ui.Model)
2022-04-25 11:56:32.068  INFO --- [restartedMain] s.w.s.m.m.a.RequestMappingHandlerMapping : Mapped "{[/IncomingRequest],methods=[GET]}" onto public java.lang.String com.example.servingwebcontent.controllers.IncomingRequestController.IncomingRequestPage(org.springframework.ui.Model)
2022-04-25 11:56:32.069  INFO --- [restartedMain] s.w.s.m.m.a.RequestMappingHandlerMapping : Mapped "{[/IncomingRequest/start],methods=[POST]}" onto public java.lang.String com.example.servingwebcontent.controllers.IncomingRequestController.IncomingRequestPageStart(org.springframework.ui.Model)
2022-04-25 11:56:32.069  INFO --- [restartedMain] s.w.s.m.m.a.RequestMappingHandlerMapping : Mapped "{[/IncomingRequest/stop],methods=[POST]}" onto public java.lang.String com.example.servingwebcontent.controllers.IncomingRequestController.IncomingRequestPageStop(org.springframework.ui.Model)
2022-04-25 11:56:32.072  INFO --- [restartedMain] s.w.s.m.m.a.RequestMappingHandlerMapping : Mapped "{[/error]}" onto public org.springframework.http.ResponseEntity<java.util.Map<java.lang.String, java.lang.Object>> org.springframework.boot.autoconfigure.web.servlet.error.BasicErrorController.error(javax.servlet.http.HttpServletRequest)
2022-04-25 11:56:32.073  INFO --- [restartedMain] s.w.s.m.m.a.RequestMappingHandlerMapping : Mapped "{[/error],produces=[text/html]}" onto public org.springframework.web.servlet.ModelAndView org.springframework.boot.autoconfigure.web.servlet.error.BasicErrorController.errorHtml(javax.servlet.http.HttpServletRequest,javax.servlet.http.HttpServletResponse)
2022-04-25 11:56:32.141  INFO --- [restartedMain] o.s.w.s.h.SimpleUrlHandlerMapping        : Mapped URL path [/webjars/**] onto handler of type [class org.springframework.web.servlet.resource.ResourceHttpRequestHandler]
2022-04-25 11:56:32.141  INFO --- [restartedMain] o.s.w.s.h.SimpleUrlHandlerMapping        : Mapped URL path [/**] onto handler of type [class org.springframework.web.servlet.resource.ResourceHttpRequestHandler]
2022-04-25 11:56:32.205  INFO --- [restartedMain] o.s.w.s.h.SimpleUrlHandlerMapping        : Mapped URL path [/**/favicon.ico] onto handler of type [class org.springframework.web.servlet.resource.ResourceHttpRequestHandler]
2022-04-25 11:56:32.754  INFO --- [restartedMain] o.s.w.s.v.f.FreeMarkerConfigurer         : ClassTemplateLoader for Spring macros added to FreeMarker configuration
2022-04-25 11:56:32.918  INFO --- [restartedMain] o.s.b.d.a.OptionalLiveReloadServer       : LiveReload server is running on port 35729
2022-04-25 11:56:33.164  INFO --- [restartedMain] o.s.j.e.a.AnnotationMBeanExporter        : Registering beans for JMX exposure on startup
2022-04-25 11:56:33.165  INFO --- [restartedMain] o.s.j.e.a.AnnotationMBeanExporter        : Bean with name 'dataSource' has been autodetected for JMX exposure
2022-04-25 11:56:33.169  INFO --- [restartedMain] o.s.j.e.a.AnnotationMBeanExporter        : Located MBean 'dataSource': registering with JMX server as MBean [com.zaxxer.hikari:name=dataSource,type=HikariDataSource]
2022-04-25 11:56:33.180  INFO --- [restartedMain] o.a.c.h.Http11NioProtocol                : Starting ProtocolHandler ["http-nio-8080"]
2022-04-25 11:56:33.189  INFO --- [restartedMain] o.a.t.u.n.NioSelectorPool                : Using a shared selector for servlet write/read
2022-04-25 11:56:33.206  INFO --- [restartedMain] o.s.b.w.e.t.TomcatWebServer              : Tomcat started on port(s): 8080 (http) with context path ''
2022-04-25 11:56:33.208  INFO --- [restartedMain] c.e.s.Application                        : Started Application in 44.779 seconds (JVM running for 46.819)
2022-04-25 11:56:59.109  INFO --- [nio-8080-exec-1] o.a.c.c.C.[.[.[/]                        : Initializing Spring FrameworkServlet 'dispatcherServlet'
2022-04-25 11:56:59.109  INFO --- [nio-8080-exec-1] o.s.w.s.DispatcherServlet                : FrameworkServlet 'dispatcherServlet': initialization started
2022-04-25 11:56:59.124  INFO --- [nio-8080-exec-1] o.s.w.s.DispatcherServlet                : FrameworkServlet 'dispatcherServlet': initialization completed in 15 ms
2022-04-25 11:56:59.171  INFO --- [nio-8080-exec-1] c.e.s.c.HomeController                   : Переход на HomePage
2022-04-25 11:57:04.840  INFO --- [nio-8080-exec-3] c.e.s.c.IncomingRequestController        : Переход на IncomingRequest
2022-04-25 11:57:20.884  INFO --- [nio-8080-exec-4] o.h.h.i.QueryTranslatorFactoryInitiator  : HHH000397: Using ASTQueryTranslatorFactory
2022-04-25 11:57:49.244  WARN --- [l-1 housekeeper] c.z.h.p.HikariPool                       : HikariPool-1 - Thread starvation or clock leap detected (housekeeper delta=49s868ms646µs200ns).
2022-04-25 11:57:52.398  INFO --- [nio-8080-exec-4] c.e.s.s.MailsOperations                  : Поток запущен
2022-04-25 11:58:07.923  INFO --- [Thread-11] c.e.s.s.MailsOperations                  : Инициализация
2022-04-25 11:58:09.979  INFO --- [Thread-11] c.e.s.s.W.SheetsAndJava                  : Подключение к Google Sheets.
2022-04-25 11:58:10.026  INFO --- [Thread-11] c.e.s.s.W.N.DriverNMFO                   : Подключение к НМФО.
2022-04-25 11:58:11.815  INFO --- [nio-8080-exec-6] c.e.s.c.IncomingRequestController        : Переход на IncomingRequest
2022-04-25 11:58:14.371  INFO --- [ null to remote] o.o.s.r.ProtocolHandshake                : Detected dialect: W3C
2022-04-25 11:58:14.936  INFO --- [Thread-11] c.e.s.s.MailsOperations                  : Запуск потока
2022-04-25 11:58:36.855  INFO --- [nio-8080-exec-7] c.e.s.c.IncomingRequestController        : Остановка алгоритма
2022-04-25 11:58:36.871  INFO --- [nio-8080-exec-7] c.e.s.s.MailOperationService             : Поток останавливается
2022-04-25 11:58:36.871  INFO --- [nio-8080-exec-8] c.e.s.c.IncomingRequestController        : Переход на IncomingRequest
2022-04-25 11:58:37.939  INFO --- [nio-8080-exec-9] c.e.s.s.MailsOperations                  : Поток запущен
2022-04-25 11:58:37.939  INFO --- [Thread-12] c.e.s.s.MailsOperations                  : Инициализация
2022-04-25 11:58:37.939  INFO --- [Thread-12] c.e.s.s.W.SheetsAndJava                  : Подключение к Google Sheets.
2022-04-25 11:58:37.954  INFO --- [Thread-12] c.e.s.s.W.N.DriverNMFO                   : Подключение к НМФО.
2022-04-25 11:58:37.954  INFO --- [io-8080-exec-10] c.e.s.c.IncomingRequestController        : Переход на IncomingRequest
2022-04-25 11:58:38.940  INFO --- [ null to remote] o.o.s.r.ProtocolHandshake                : Detected dialect: W3C
2022-04-25 11:58:39.096  INFO --- [Thread-12] c.e.s.s.MailsOperations                  : Запуск потока
2022-04-25 12:00:14.488  WARN --- [l-1 housekeeper] c.z.h.p.HikariPool                       : HikariPool-1 - Thread starvation or clock leap detected (housekeeper delta=1m55s241ms466µs).
2022-04-25 12:00:14.566  INFO --- [Thread-10] c.z.h.HikariDataSource                   : HikariPool-1 - Shutdown initiated...
2022-04-25 12:00:14.566  INFO --- [Thread-10] c.z.h.HikariDataSource                   : HikariPool-1 - Shutdown completed.
2022-04-25 12:00:26.691  INFO --- [restartedMain] c.e.s.Application                        : Starting Application on DESKTOP-MSDABFH with PID 7812 (C:\Users\DreamCastl\IdeaProjects\AppD\target\classes started by DreamCastl in C:\Users\DreamCastl\IdeaProjects\AppD)
2022-04-25 12:00:26.738  INFO --- [restartedMain] c.e.s.Application                        : The following profiles are active: development
2022-04-25 12:00:26.817  INFO --- [restartedMain] ConfigServletWebServerApplicationContext : Refreshing org.springframework.boot.web.servlet.context.AnnotationConfigServletWebServerApplicationContext@29e2e697: startup date [Mon Apr 25 12:00:26 MSK 2022]; root of context hierarchy
2022-04-25 12:00:28.917  INFO --- [restartedMain] trationDelegate$BeanPostProcessorChecker : Bean 'org.springframework.transaction.annotation.ProxyTransactionManagementConfiguration' of type [org.springframework.transaction.annotation.ProxyTransactionManagementConfiguration$$EnhancerBySpringCGLIB$$6780f415] is not eligible for getting processed by all BeanPostProcessors (for example: not eligible for auto-proxying)
2022-04-25 12:00:29.466  INFO --- [restartedMain] o.s.b.w.e.t.TomcatWebServer              : Tomcat initialized with port(s): 8080 (http)
2022-04-25 12:00:29.482  INFO --- [restartedMain] o.a.c.h.Http11NioProtocol                : Initializing ProtocolHandler ["http-nio-8080"]
2022-04-25 12:00:29.497  INFO --- [restartedMain] o.a.c.c.StandardService                  : Starting service [Tomcat]
2022-04-25 12:00:29.497  INFO --- [restartedMain] o.a.c.c.StandardEngine                   : Starting Servlet Engine: Apache Tomcat/8.5.28
2022-04-25 12:00:29.518  INFO --- [ost-startStop-1] o.a.c.c.AprLifecycleListener             : The APR based Apache Tomcat Native library which allows optimal performance in production environments was not found on the java.library.path: [C:\Users\DreamCastl\.jdks\corretto-1.8.0_322\bin;C:\Windows\Sun\Java\bin;C:\Windows\system32;C:\Windows;C:\Windows\system32;C:\Windows;C:\Windows\System32\Wbem;C:\Windows\System32\WindowsPowerShell\v1.0\;C:\Windows\System32\OpenSSH\;C:\Program Files\Git\cmd;C:\Program Files (x86)\dotnet\;C:\Program Files\dotnet\;C:\Users\DreamCastl\AppData\Local\Microsoft\WindowsApps;;C:\Program Files\JetBrains\IntelliJ IDEA Community Edition 2021.3.2\bin;;.]
2022-04-25 12:00:29.685  INFO --- [ost-startStop-1] o.a.c.c.C.[.[.[/]                        : Initializing Spring embedded WebApplicationContext
2022-04-25 12:00:29.685  INFO --- [ost-startStop-1] o.s.w.c.ContextLoader                    : Root WebApplicationContext: initialization completed in 2884 ms
2022-04-25 12:00:29.984  INFO --- [ost-startStop-1] o.s.b.w.s.ServletRegistrationBean        : Servlet dispatcherServlet mapped to [/]
2022-04-25 12:00:29.984  INFO --- [ost-startStop-1] o.s.b.w.s.FilterRegistrationBean         : Mapping filter: 'characterEncodingFilter' to: [/*]
2022-04-25 12:00:29.984  INFO --- [ost-startStop-1] o.s.b.w.s.FilterRegistrationBean         : Mapping filter: 'hiddenHttpMethodFilter' to: [/*]
2022-04-25 12:00:29.999  INFO --- [ost-startStop-1] o.s.b.w.s.FilterRegistrationBean         : Mapping filter: 'httpPutFormContentFilter' to: [/*]
2022-04-25 12:00:29.999  INFO --- [ost-startStop-1] o.s.b.w.s.FilterRegistrationBean         : Mapping filter: 'requestContextFilter' to: [/*]
2022-04-25 12:00:30.376  INFO --- [restartedMain] c.z.h.HikariDataSource                   : HikariPool-1 - Starting...
2022-04-25 12:00:30.607  INFO --- [restartedMain] c.z.h.HikariDataSource                   : HikariPool-1 - Start completed.
2022-04-25 12:00:30.673  INFO --- [restartedMain] j.LocalContainerEntityManagerFactoryBean : Building JPA container EntityManagerFactory for persistence unit 'default'
2022-04-25 12:00:30.699  INFO --- [restartedMain] o.h.j.i.u.LogHelper                      : HHH000204: Processing PersistenceUnitInfo [
	name: default
	...]
2022-04-25 12:00:30.806  INFO --- [restartedMain] o.h.Version                              : HHH000412: Hibernate Core {5.2.14.Final}
2022-04-25 12:00:30.807  INFO --- [restartedMain] o.h.c.Environment                        : HHH000206: hibernate.properties not found
2022-04-25 12:00:30.857  INFO --- [restartedMain] o.h.a.c.Version                          : HCANN000001: Hibernate Commons Annotations {5.0.1.Final}
2022-04-25 12:00:31.005  INFO --- [restartedMain] o.h.d.Dialect                            : HHH000400: Using dialect: org.hibernate.dialect.MySQL5Dialect
2022-04-25 12:00:31.603  INFO --- [restartedMain] j.LocalContainerEntityManagerFactoryBean : Initialized JPA EntityManagerFactory for persistence unit 'default'
2022-04-25 12:00:31.977  INFO --- [restartedMain] c.e.s.s.W.SheetsAndJava                  : Подключение к Google Sheets.
2022-04-25 12:00:32.912  INFO --- [restartedMain] s.w.s.m.m.a.RequestMappingHandlerAdapter : Looking for @ControllerAdvice: org.springframework.boot.web.servlet.context.AnnotationConfigServletWebServerApplicationContext@29e2e697: startup date [Mon Apr 25 12:00:26 MSK 2022]; root of context hierarchy
2022-04-25 12:00:32.974  WARN --- [restartedMain] aWebConfiguration$JpaWebMvcConfiguration : spring.jpa.open-in-view is enabled by default. Therefore, database queries may be performed during view rendering. Explicitly configure spring.jpa.open-in-view to disable this warning
2022-04-25 12:00:33.133  INFO --- [restartedMain] s.w.s.m.m.a.RequestMappingHandlerMapping : Mapped "{[/Home],methods=[GET]}" onto public java.lang.String com.example.servingwebcontent.controllers.HomeController.HomePage(org.springframework.ui.Model)
2022-04-25 12:00:33.138  INFO --- [restartedMain] s.w.s.m.m.a.RequestMappingHandlerMapping : Mapped "{[/IncomingRequest],methods=[GET]}" onto public java.lang.String com.example.servingwebcontent.controllers.IncomingRequestController.IncomingRequestPage(org.springframework.ui.Model)
2022-04-25 12:00:33.139  INFO --- [restartedMain] s.w.s.m.m.a.RequestMappingHandlerMapping : Mapped "{[/IncomingRequest/start],methods=[POST]}" onto public java.lang.String com.example.servingwebcontent.controllers.IncomingRequestController.IncomingRequestPageStart(org.springframework.ui.Model)
2022-04-25 12:00:33.140  INFO --- [restartedMain] s.w.s.m.m.a.RequestMappingHandlerMapping : Mapped "{[/IncomingRequest/stop],methods=[POST]}" onto public java.lang.String com.example.servingwebcontent.controllers.IncomingRequestController.IncomingRequestPageStop(org.springframework.ui.Model)
2022-04-25 12:00:33.143  INFO --- [restartedMain] s.w.s.m.m.a.RequestMappingHandlerMapping : Mapped "{[/error]}" onto public org.springframework.http.ResponseEntity<java.util.Map<java.lang.String, java.lang.Object>> org.springframework.boot.autoconfigure.web.servlet.error.BasicErrorController.error(javax.servlet.http.HttpServletRequest)
2022-04-25 12:00:33.144  INFO --- [restartedMain] s.w.s.m.m.a.RequestMappingHandlerMapping : Mapped "{[/error],produces=[text/html]}" onto public org.springframework.web.servlet.ModelAndView org.springframework.boot.autoconfigure.web.servlet.error.BasicErrorController.errorHtml(javax.servlet.http.HttpServletRequest,javax.servlet.http.HttpServletResponse)
2022-04-25 12:00:33.216  INFO --- [restartedMain] o.s.w.s.h.SimpleUrlHandlerMapping        : Mapped URL path [/webjars/**] onto handler of type [class org.springframework.web.servlet.resource.ResourceHttpRequestHandler]
2022-04-25 12:00:33.216  INFO --- [restartedMain] o.s.w.s.h.SimpleUrlHandlerMapping        : Mapped URL path [/**] onto handler of type [class org.springframework.web.servlet.resource.ResourceHttpRequestHandler]
2022-04-25 12:00:33.285  INFO --- [restartedMain] o.s.w.s.h.SimpleUrlHandlerMapping        : Mapped URL path [/**/favicon.ico] onto handler of type [class org.springframework.web.servlet.resource.ResourceHttpRequestHandler]
2022-04-25 12:00:33.907  INFO --- [restartedMain] o.s.w.s.v.f.FreeMarkerConfigurer         : ClassTemplateLoader for Spring macros added to FreeMarker configuration
2022-04-25 12:00:34.075  INFO --- [restartedMain] o.s.b.d.a.OptionalLiveReloadServer       : LiveReload server is running on port 35729
2022-04-25 12:00:34.398  INFO --- [restartedMain] o.s.j.e.a.AnnotationMBeanExporter        : Registering beans for JMX exposure on startup
2022-04-25 12:00:34.399  INFO --- [restartedMain] o.s.j.e.a.AnnotationMBeanExporter        : Bean with name 'dataSource' has been autodetected for JMX exposure
2022-04-25 12:00:34.406  INFO --- [restartedMain] o.s.j.e.a.AnnotationMBeanExporter        : Located MBean 'dataSource': registering with JMX server as MBean [com.zaxxer.hikari:name=dataSource,type=HikariDataSource]
2022-04-25 12:00:34.418  INFO --- [restartedMain] o.a.c.h.Http11NioProtocol                : Starting ProtocolHandler ["http-nio-8080"]
2022-04-25 12:00:34.429  INFO --- [restartedMain] o.a.t.u.n.NioSelectorPool                : Using a shared selector for servlet write/read
2022-04-25 12:00:34.445  INFO --- [restartedMain] o.s.b.w.e.t.TomcatWebServer              : Tomcat started on port(s): 8080 (http) with context path ''
2022-04-25 12:00:34.447  INFO --- [restartedMain] c.e.s.Application                        : Started Application in 9.401 seconds (JVM running for 10.176)
2022-04-25 12:01:40.395  INFO --- [nio-8080-exec-1] o.a.c.c.C.[.[.[/]                        : Initializing Spring FrameworkServlet 'dispatcherServlet'
2022-04-25 12:01:40.397  INFO --- [nio-8080-exec-1] o.s.w.s.DispatcherServlet                : FrameworkServlet 'dispatcherServlet': initialization started
2022-04-25 12:01:40.426  INFO --- [nio-8080-exec-1] o.s.w.s.DispatcherServlet                : FrameworkServlet 'dispatcherServlet': initialization completed in 29 ms
2022-04-25 12:01:40.485  INFO --- [nio-8080-exec-1] c.e.s.c.IncomingRequestController        : Остановка алгоритма
2022-04-25 12:01:40.563  INFO --- [nio-8080-exec-1] o.h.h.i.QueryTranslatorFactoryInitiator  : HHH000397: Using ASTQueryTranslatorFactory
2022-04-25 12:01:40.832  INFO --- [nio-8080-exec-1] c.e.s.s.MailOperationService             : Поток останавливается
2022-04-25 12:01:40.860  INFO --- [nio-8080-exec-2] c.e.s.c.IncomingRequestController        : Переход на IncomingRequest
2022-04-25 12:01:42.129  INFO --- [nio-8080-exec-3] c.e.s.s.MailsOperations                  : Поток запущен
2022-04-25 12:01:42.129  INFO --- [Thread-11] c.e.s.s.MailsOperations                  : Инициализация
2022-04-25 12:01:42.129  INFO --- [Thread-11] c.e.s.s.W.SheetsAndJava                  : Подключение к Google Sheets.
2022-04-25 12:01:42.140  INFO --- [nio-8080-exec-4] c.e.s.c.IncomingRequestController        : Переход на IncomingRequest
2022-04-25 12:01:42.184  INFO --- [Thread-11] c.e.s.s.W.N.DriverNMFO                   : Подключение к НМФО.
2022-04-25 12:01:43.947  INFO --- [ null to remote] o.o.s.r.ProtocolHandshake                : Detected dialect: W3C
2022-04-25 12:01:44.344  INFO --- [Thread-11] c.e.s.s.MailsOperations                  : Запуск потока
2022-04-25 12:17:17.807  WARN --- [l-1 housekeeper] c.z.h.p.HikariPool                       : HikariPool-1 - Thread starvation or clock leap detected (housekeeper delta=15m47s65ms856µs900ns).
2022-04-25 12:17:17.816  INFO --- [nio-8080-exec-5] c.e.s.c.IncomingRequestController        : Остановка алгоритма
2022-04-25 12:17:17.822  INFO --- [nio-8080-exec-6] c.e.s.s.MailOperationService             : Поток уже запущен
2022-04-25 12:17:17.833  INFO --- [nio-8080-exec-5] c.e.s.s.MailOperationService             : Поток останавливается
2022-04-25 12:17:17.836  INFO --- [nio-8080-exec-8] c.e.s.s.MailOperationService             : Поток уже запущен
2022-04-25 12:17:17.843  INFO --- [io-8080-exec-10] c.e.s.c.IncomingRequestController        : Переход на IncomingRequest
2022-04-25 12:17:17.873  INFO --- [Thread-10] c.z.h.HikariDataSource                   : HikariPool-1 - Shutdown initiated...
2022-04-25 12:17:17.881  INFO --- [Thread-10] c.z.h.HikariDataSource                   : HikariPool-1 - Shutdown completed.
2022-04-25 12:17:23.795  INFO --- [restartedMain] c.e.s.Application                        : Starting Application on DESKTOP-MSDABFH with PID 5640 (C:\Users\DreamCastl\IdeaProjects\AppD\target\classes started by DreamCastl in C:\Users\DreamCastl\IdeaProjects\AppD)
2022-04-25 12:17:23.811  INFO --- [restartedMain] c.e.s.Application                        : The following profiles are active: development
2022-04-25 12:17:23.889  INFO --- [restartedMain] ConfigServletWebServerApplicationContext : Refreshing org.springframework.boot.web.servlet.context.AnnotationConfigServletWebServerApplicationContext@11755118: startup date [Mon Apr 25 12:17:23 MSK 2022]; root of context hierarchy
2022-04-25 12:17:25.535  INFO --- [restartedMain] trationDelegate$BeanPostProcessorChecker : Bean 'org.springframework.transaction.annotation.ProxyTransactionManagementConfiguration' of type [org.springframework.transaction.annotation.ProxyTransactionManagementConfiguration$$EnhancerBySpringCGLIB$$2b6a8bd9] is not eligible for getting processed by all BeanPostProcessors (for example: not eligible for auto-proxying)
2022-04-25 12:17:25.990  INFO --- [restartedMain] o.s.b.w.e.t.TomcatWebServer              : Tomcat initialized with port(s): 8080 (http)
2022-04-25 12:17:26.006  INFO --- [restartedMain] o.a.c.h.Http11NioProtocol                : Initializing ProtocolHandler ["http-nio-8080"]
2022-04-25 12:17:26.006  INFO --- [restartedMain] o.a.c.c.StandardService                  : Starting service [Tomcat]
2022-04-25 12:17:26.006  INFO --- [restartedMain] o.a.c.c.StandardEngine                   : Starting Servlet Engine: Apache Tomcat/8.5.28
2022-04-25 12:17:26.022  INFO --- [ost-startStop-1] o.a.c.c.AprLifecycleListener             : The APR based Apache Tomcat Native library which allows optimal performance in production environments was not found on the java.library.path: [C:\Users\DreamCastl\.jdks\corretto-1.8.0_322\bin;C:\Windows\Sun\Java\bin;C:\Windows\system32;C:\Windows;C:\Windows\system32;C:\Windows;C:\Windows\System32\Wbem;C:\Windows\System32\WindowsPowerShell\v1.0\;C:\Windows\System32\OpenSSH\;C:\Program Files\Git\cmd;C:\Program Files (x86)\dotnet\;C:\Program Files\dotnet\;C:\Users\DreamCastl\AppData\Local\Microsoft\WindowsApps;;C:\Program Files\JetBrains\IntelliJ IDEA Community Edition 2021.3.2\bin;;.]
2022-04-25 12:17:26.116  INFO --- [ost-startStop-1] o.a.c.c.C.[.[.[/]                        : Initializing Spring embedded WebApplicationContext
2022-04-25 12:17:26.131  INFO --- [ost-startStop-1] o.s.w.c.ContextLoader                    : Root WebApplicationContext: initialization completed in 2242 ms
2022-04-25 12:17:26.304  INFO --- [ost-startStop-1] o.s.b.w.s.ServletRegistrationBean        : Servlet dispatcherServlet mapped to [/]
2022-04-25 12:17:26.320  INFO --- [ost-startStop-1] o.s.b.w.s.FilterRegistrationBean         : Mapping filter: 'characterEncodingFilter' to: [/*]
2022-04-25 12:17:26.320  INFO --- [ost-startStop-1] o.s.b.w.s.FilterRegistrationBean         : Mapping filter: 'hiddenHttpMethodFilter' to: [/*]
2022-04-25 12:17:26.320  INFO --- [ost-startStop-1] o.s.b.w.s.FilterRegistrationBean         : Mapping filter: 'httpPutFormContentFilter' to: [/*]
2022-04-25 12:17:26.320  INFO --- [ost-startStop-1] o.s.b.w.s.FilterRegistrationBean         : Mapping filter: 'requestContextFilter' to: [/*]
2022-04-25 12:17:26.476  INFO --- [restartedMain] c.z.h.HikariDataSource                   : HikariPool-1 - Starting...
2022-04-25 12:17:26.742  INFO --- [restartedMain] c.z.h.HikariDataSource                   : HikariPool-1 - Start completed.
2022-04-25 12:17:26.805  INFO --- [restartedMain] j.LocalContainerEntityManagerFactoryBean : Building JPA container EntityManagerFactory for persistence unit 'default'
2022-04-25 12:17:26.821  INFO --- [restartedMain] o.h.j.i.u.LogHelper                      : HHH000204: Processing PersistenceUnitInfo [
	name: default
	...]
2022-04-25 12:17:26.915  INFO --- [restartedMain] o.h.Version                              : HHH000412: Hibernate Core {5.2.14.Final}
2022-04-25 12:17:26.915  INFO --- [restartedMain] o.h.c.Environment                        : HHH000206: hibernate.properties not found
2022-04-25 12:17:26.962  INFO --- [restartedMain] o.h.a.c.Version                          : HCANN000001: Hibernate Commons Annotations {5.0.1.Final}
2022-04-25 12:17:27.103  INFO --- [restartedMain] o.h.d.Dialect                            : HHH000400: Using dialect: org.hibernate.dialect.MySQL5Dialect
2022-04-25 12:17:27.636  INFO --- [restartedMain] j.LocalContainerEntityManagerFactoryBean : Initialized JPA EntityManagerFactory for persistence unit 'default'
2022-04-25 12:17:28.013  INFO --- [restartedMain] c.e.s.s.W.SheetsAndJava                  : Подключение к Google Sheets.
2022-04-25 12:17:28.890  INFO --- [restartedMain] s.w.s.m.m.a.RequestMappingHandlerAdapter : Looking for @ControllerAdvice: org.springframework.boot.web.servlet.context.AnnotationConfigServletWebServerApplicationContext@11755118: startup date [Mon Apr 25 12:17:23 MSK 2022]; root of context hierarchy
2022-04-25 12:17:28.953  WARN --- [restartedMain] aWebConfiguration$JpaWebMvcConfiguration : spring.jpa.open-in-view is enabled by default. Therefore, database queries may be performed during view rendering. Explicitly configure spring.jpa.open-in-view to disable this warning
2022-04-25 12:17:29.110  INFO --- [restartedMain] s.w.s.m.m.a.RequestMappingHandlerMapping : Mapped "{[/Home],methods=[GET]}" onto public java.lang.String com.example.servingwebcontent.controllers.HomeController.HomePage(org.springframework.ui.Model)
2022-04-25 12:17:29.110  INFO --- [restartedMain] s.w.s.m.m.a.RequestMappingHandlerMapping : Mapped "{[/IncomingRequest/start],methods=[POST]}" onto public java.lang.String com.example.servingwebcontent.controllers.IncomingRequestController.IncomingRequestPageStart(org.springframework.ui.Model)
2022-04-25 12:17:29.110  INFO --- [restartedMain] s.w.s.m.m.a.RequestMappingHandlerMapping : Mapped "{[/IncomingRequest/stop],methods=[POST]}" onto public java.lang.String com.example.servingwebcontent.controllers.IncomingRequestController.IncomingRequestPageStop(org.springframework.ui.Model)
2022-04-25 12:17:29.110  INFO --- [restartedMain] s.w.s.m.m.a.RequestMappingHandlerMapping : Mapped "{[/IncomingRequest],methods=[GET]}" onto public java.lang.String com.example.servingwebcontent.controllers.IncomingRequestController.IncomingRequestPage(org.springframework.ui.Model)
2022-04-25 12:17:29.110  INFO --- [restartedMain] s.w.s.m.m.a.RequestMappingHandlerMapping : Mapped "{[/error],produces=[text/html]}" onto public org.springframework.web.servlet.ModelAndView org.springframework.boot.autoconfigure.web.servlet.error.BasicErrorController.errorHtml(javax.servlet.http.HttpServletRequest,javax.servlet.http.HttpServletResponse)
2022-04-25 12:17:29.126  INFO --- [restartedMain] s.w.s.m.m.a.RequestMappingHandlerMapping : Mapped "{[/error]}" onto public org.springframework.http.ResponseEntity<java.util.Map<java.lang.String, java.lang.Object>> org.springframework.boot.autoconfigure.web.servlet.error.BasicErrorController.error(javax.servlet.http.HttpServletRequest)
2022-04-25 12:17:29.205  INFO --- [restartedMain] o.s.w.s.h.SimpleUrlHandlerMapping        : Mapped URL path [/webjars/**] onto handler of type [class org.springframework.web.servlet.resource.ResourceHttpRequestHandler]
2022-04-25 12:17:29.205  INFO --- [restartedMain] o.s.w.s.h.SimpleUrlHandlerMapping        : Mapped URL path [/**] onto handler of type [class org.springframework.web.servlet.resource.ResourceHttpRequestHandler]
2022-04-25 12:17:29.267  INFO --- [restartedMain] o.s.w.s.h.SimpleUrlHandlerMapping        : Mapped URL path [/**/favicon.ico] onto handler of type [class org.springframework.web.servlet.resource.ResourceHttpRequestHandler]
2022-04-25 12:17:29.816  INFO --- [restartedMain] o.s.w.s.v.f.FreeMarkerConfigurer         : ClassTemplateLoader for Spring macros added to FreeMarker configuration
2022-04-25 12:17:29.973  INFO --- [restartedMain] o.s.b.d.a.OptionalLiveReloadServer       : LiveReload server is running on port 35729
2022-04-25 12:17:30.208  INFO --- [restartedMain] o.s.j.e.a.AnnotationMBeanExporter        : Registering beans for JMX exposure on startup
2022-04-25 12:17:30.208  INFO --- [restartedMain] o.s.j.e.a.AnnotationMBeanExporter        : Bean with name 'dataSource' has been autodetected for JMX exposure
2022-04-25 12:17:30.223  INFO --- [restartedMain] o.s.j.e.a.AnnotationMBeanExporter        : Located MBean 'dataSource': registering with JMX server as MBean [com.zaxxer.hikari:name=dataSource,type=HikariDataSource]
2022-04-25 12:17:30.239  INFO --- [restartedMain] o.a.c.h.Http11NioProtocol                : Starting ProtocolHandler ["http-nio-8080"]
2022-04-25 12:17:30.239  INFO --- [restartedMain] o.a.t.u.n.NioSelectorPool                : Using a shared selector for servlet write/read
2022-04-25 12:17:30.255  INFO --- [restartedMain] o.s.b.w.e.t.TomcatWebServer              : Tomcat started on port(s): 8080 (http) with context path ''
2022-04-25 12:17:30.270  INFO --- [restartedMain] c.e.s.Application                        : Started Application in 7.965 seconds (JVM running for 8.624)
2022-04-25 12:19:35.449  INFO --- [nio-8080-exec-1] o.a.c.c.C.[.[.[/]                        : Initializing Spring FrameworkServlet 'dispatcherServlet'
2022-04-25 12:19:35.451  INFO --- [nio-8080-exec-1] o.s.w.s.DispatcherServlet                : FrameworkServlet 'dispatcherServlet': initialization started
2022-04-25 12:19:35.481  INFO --- [nio-8080-exec-1] o.s.w.s.DispatcherServlet                : FrameworkServlet 'dispatcherServlet': initialization completed in 30 ms
2022-04-25 12:19:35.639  INFO --- [nio-8080-exec-1] o.h.h.i.QueryTranslatorFactoryInitiator  : HHH000397: Using ASTQueryTranslatorFactory
2022-04-25 12:19:39.552  INFO --- [nio-8080-exec-1] c.e.s.s.MailsOperations                  : Поток запущен
2022-04-25 12:19:39.554  INFO --- [Thread-11] c.e.s.s.MailsOperations                  : Инициализация
2022-04-25 12:19:39.555  INFO --- [Thread-11] c.e.s.s.W.SheetsAndJava                  : Подключение к Google Sheets.
2022-04-25 12:19:39.604  INFO --- [Thread-11] c.e.s.s.W.N.DriverNMFO                   : Подключение к НМФО.
2022-04-25 12:19:39.689  INFO --- [nio-8080-exec-2] c.e.s.c.IncomingRequestController        : Переход на IncomingRequest
2022-04-25 12:19:41.307  INFO --- [ null to remote] o.o.s.r.ProtocolHandshake                : Detected dialect: W3C
2022-04-25 12:19:41.549  INFO --- [Thread-11] c.e.s.s.MailsOperations                  : Запуск потока
2022-04-25 12:20:45.150  INFO --- [Thread-11] c.e.s.s.W.J.EmailReader                  : Попытка получения почты
2022-04-25 12:20:45.150  WARN --- [Thread-11] c.e.s.s.W.J.EmailReader                  : Получение писем не удалось
2022-04-25 19:49:42.374  WARN --- [l-1 housekeeper] c.z.h.p.HikariPool                       : HikariPool-1 - Thread starvation or clock leap detected (housekeeper delta=7h30m15s574ms800µs400ns).
2022-04-25 19:49:42.533  INFO --- [Thread-10] c.z.h.HikariDataSource                   : HikariPool-1 - Shutdown initiated...
2022-04-25 19:49:42.540  INFO --- [Thread-10] c.z.h.HikariDataSource                   : HikariPool-1 - Shutdown completed.
